<?xml version="1.0" encoding="UTF-8"?>
<!-- Generated by org.testng.reporters.JUnitReportReporter -->
<testsuite hostname="Aastha" failures="0" tests="4" name="Flipkart.TestCasesFlipkart" time="16.141" errors="0" timestamp="2024-07-15T08:49:17 IST" skipped="0">
  <testcase classname="Flipkart.TestCasesFlipkart" name="categoriesBelowSearch" time="0.091"/>
  <testcase classname="Flipkart.TestCasesFlipkart" name="searchAndOpenProduct" time="6.155"/>
  <testcase classname="Flipkart.TestCasesFlipkart" name="checkCompareModalAndSelectedDevice" time="0.279"/>
  <testcase classname="Flipkart.TestCasesFlipkart" name="addMoreProductsAndFetchRatings" time="9.616"/>
</testsuite> <!-- Flipkart.TestCasesFlipkart -->
